mode: atomic
github.com/crazy-max/diun/pkg/registry/image.go:22.30,24.2 1 0
github.com/crazy-max/diun/pkg/registry/image.go:27.32,29.2 1 1
github.com/crazy-max/diun/pkg/registry/image.go:32.35,33.32 1 0
github.com/crazy-max/diun/pkg/registry/image.go:37.2,37.14 1 0
github.com/crazy-max/diun/pkg/registry/image.go:33.32,35.3 1 0
github.com/crazy-max/diun/pkg/registry/image.go:41.62,45.2 3 0
github.com/crazy-max/diun/pkg/registry/image.go:48.46,51.16 2 1
github.com/crazy-max/diun/pkg/registry/image.go:55.2,64.48 3 1
github.com/crazy-max/diun/pkg/registry/image.go:69.2,69.54 1 1
github.com/crazy-max/diun/pkg/registry/image.go:73.2,73.15 1 1
github.com/crazy-max/diun/pkg/registry/image.go:51.16,53.3 1 0
github.com/crazy-max/diun/pkg/registry/image.go:64.48,66.3 1 1
github.com/crazy-max/diun/pkg/registry/image.go:69.54,71.3 1 0
github.com/crazy-max/diun/pkg/registry/manifest.go:25.58,30.16 4 1
github.com/crazy-max/diun/pkg/registry/manifest.go:33.2,36.16 3 0
github.com/crazy-max/diun/pkg/registry/manifest.go:40.2,41.16 2 0
github.com/crazy-max/diun/pkg/registry/manifest.go:45.2,46.16 2 0
github.com/crazy-max/diun/pkg/registry/manifest.go:50.2,51.18 2 0
github.com/crazy-max/diun/pkg/registry/manifest.go:55.2,56.30 2 0
github.com/crazy-max/diun/pkg/registry/manifest.go:60.2,70.8 1 0
github.com/crazy-max/diun/pkg/registry/manifest.go:30.16,32.3 1 1
github.com/crazy-max/diun/pkg/registry/manifest.go:36.16,38.3 1 0
github.com/crazy-max/diun/pkg/registry/manifest.go:41.16,43.3 1 0
github.com/crazy-max/diun/pkg/registry/manifest.go:46.16,48.3 1 0
github.com/crazy-max/diun/pkg/registry/manifest.go:51.18,53.3 1 0
github.com/crazy-max/diun/pkg/registry/manifest.go:56.30,58.3 1 0
github.com/crazy-max/diun/pkg/registry/registry.go:32.41,35.25 2 2
github.com/crazy-max/diun/pkg/registry/registry.go:43.2,55.8 2 2
github.com/crazy-max/diun/pkg/registry/registry.go:35.25,40.3 1 0
github.com/crazy-max/diun/pkg/registry/registry.go:58.73,60.41 2 1
github.com/crazy-max/diun/pkg/registry/registry.go:61.2,61.24 1 1
github.com/crazy-max/diun/pkg/registry/registry.go:64.2,64.20 1 1
github.com/crazy-max/diun/pkg/registry/registry.go:60.42,60.43 0 1
github.com/crazy-max/diun/pkg/registry/registry.go:61.24,63.3 1 0
github.com/crazy-max/diun/pkg/registry/registry.go:67.92,68.40 1 1
github.com/crazy-max/diun/pkg/registry/registry.go:72.2,73.16 2 1
github.com/crazy-max/diun/pkg/registry/registry.go:77.2,78.16 2 1
github.com/crazy-max/diun/pkg/registry/registry.go:82.2,82.17 1 0
github.com/crazy-max/diun/pkg/registry/registry.go:68.40,70.3 1 1
github.com/crazy-max/diun/pkg/registry/registry.go:73.16,75.3 1 0
github.com/crazy-max/diun/pkg/registry/registry.go:78.16,80.3 1 1
github.com/crazy-max/diun/pkg/registry/tags.go:25.56,30.16 4 0
github.com/crazy-max/diun/pkg/registry/tags.go:33.2,36.16 3 0
github.com/crazy-max/diun/pkg/registry/tags.go:40.2,47.27 2 0
github.com/crazy-max/diun/pkg/registry/tags.go:59.2,59.44 1 0
github.com/crazy-max/diun/pkg/registry/tags.go:64.2,64.47 1 0
github.com/crazy-max/diun/pkg/registry/tags.go:68.2,68.17 1 0
github.com/crazy-max/diun/pkg/registry/tags.go:30.16,32.3 1 0
github.com/crazy-max/diun/pkg/registry/tags.go:36.16,38.3 1 0
github.com/crazy-max/diun/pkg/registry/tags.go:47.27,48.41 1 0
github.com/crazy-max/diun/pkg/registry/tags.go:55.3,55.35 1 0
github.com/crazy-max/diun/pkg/registry/tags.go:48.41,50.12 2 0
github.com/crazy-max/diun/pkg/registry/tags.go:51.9,51.47 1 0
github.com/crazy-max/diun/pkg/registry/tags.go:51.47,53.12 2 0
github.com/crazy-max/diun/pkg/registry/tags.go:59.44,62.3 2 0
github.com/crazy-max/diun/pkg/registry/tags.go:64.47,66.3 1 0
github.com/crazy-max/diun/internal/config/config.go:31.63,81.50 3 3
github.com/crazy-max/diun/internal/config/config.go:85.2,86.16 2 2
github.com/crazy-max/diun/internal/config/config.go:90.2,90.58 1 2
github.com/crazy-max/diun/internal/config/config.go:94.2,94.39 1 1
github.com/crazy-max/diun/internal/config/config.go:98.2,98.18 1 1
github.com/crazy-max/diun/internal/config/config.go:81.50,83.3 1 1
github.com/crazy-max/diun/internal/config/config.go:86.16,88.3 1 0
github.com/crazy-max/diun/internal/config/config.go:90.58,92.3 1 1
github.com/crazy-max/diun/internal/config/config.go:94.39,96.3 1 0
github.com/crazy-max/diun/internal/config/config.go:101.37,103.23 2 1
github.com/crazy-max/diun/internal/config/config.go:106.2,108.39 2 1
github.com/crazy-max/diun/internal/config/config.go:114.2,114.50 1 1
github.com/crazy-max/diun/internal/config/config.go:120.2,120.48 1 1
github.com/crazy-max/diun/internal/config/config.go:126.2,126.51 1 1
github.com/crazy-max/diun/internal/config/config.go:132.2,132.27 1 1
github.com/crazy-max/diun/internal/config/config.go:141.2,141.12 1 1
github.com/crazy-max/diun/internal/config/config.go:103.23,105.3 1 0
github.com/crazy-max/diun/internal/config/config.go:108.39,109.58 1 3
github.com/crazy-max/diun/internal/config/config.go:109.58,111.4 1 0
github.com/crazy-max/diun/internal/config/config.go:114.50,115.67 1 1
github.com/crazy-max/diun/internal/config/config.go:115.67,117.4 1 0
github.com/crazy-max/diun/internal/config/config.go:120.48,121.65 1 1
github.com/crazy-max/diun/internal/config/config.go:121.65,123.4 1 0
github.com/crazy-max/diun/internal/config/config.go:126.51,127.68 1 12
github.com/crazy-max/diun/internal/config/config.go:127.68,129.4 1 0
github.com/crazy-max/diun/internal/config/config.go:132.27,133.67 1 0
github.com/crazy-max/diun/internal/config/config.go:136.3,136.65 1 0
github.com/crazy-max/diun/internal/config/config.go:133.67,135.4 1 0
github.com/crazy-max/diun/internal/config/config.go:136.65,138.4 1 0
github.com/crazy-max/diun/internal/config/config.go:144.76,146.26 2 3
github.com/crazy-max/diun/internal/config/config.go:150.2,153.17 1 3
github.com/crazy-max/diun/internal/config/config.go:157.2,158.12 2 3
github.com/crazy-max/diun/internal/config/config.go:146.26,148.3 1 2
github.com/crazy-max/diun/internal/config/config.go:153.17,155.3 1 0
github.com/crazy-max/diun/internal/config/config.go:161.87,166.17 1 1
github.com/crazy-max/diun/internal/config/config.go:170.2,171.12 2 1
github.com/crazy-max/diun/internal/config/config.go:166.17,168.3 1 0
github.com/crazy-max/diun/internal/config/config.go:174.84,178.17 1 1
github.com/crazy-max/diun/internal/config/config.go:182.2,183.12 2 1
github.com/crazy-max/diun/internal/config/config.go:178.17,180.3 1 0
github.com/crazy-max/diun/internal/config/config.go:186.85,187.26 1 12
github.com/crazy-max/diun/internal/config/config.go:191.2,192.12 2 12
github.com/crazy-max/diun/internal/config/config.go:187.26,189.3 1 0
github.com/crazy-max/diun/internal/config/config.go:196.30,199.2 2 0
